<?xml version="1.0" encoding="UTF-8"?>
<testsuite xmlns:xsi="http://www.w3.org/2001/XMLSchema-instance" xsi:noNamespaceSchemaLocation="https://maven.apache.org/surefire/maven-surefire-plugin/xsd/surefire-test-report.xsd" name="RunCucumberTest" time="18.489" tests="13" errors="1" skipped="10" failures="0">
  <properties>
[...]
</properties>
  <testcase name="Criação de task" classname="project.ada.RunCucumberTest" time="6.36"/>
  <testcase name="Criação de duas tasks" classname="project.ada.RunCucumberTest" time="0">
    <skipped message="&apos;cucumber.filter.tags=( @Smoke and not ( @Ignore ) )&apos; did not match this scenario"/>
  </testcase>
  <testcase name="Criação de task com variável" classname="project.ada.RunCucumberTest" time="0">
    <skipped message="&apos;cucumber.filter.tags=( @Smoke and not ( @Ignore ) )&apos; did not match this scenario"/>
  </testcase>
  <testcase name="Criação de task com DataTables" classname="project.ada.RunCucumberTest" time="2.823"/>
  <testcase name="Example #1.1" classname="project.ada.RunCucumberTest" time="3.484">
    <error message="Could not invoke step [{string} deve estar na lista de tasks ativas] defined at &apos;project.ada.steps.CadastroStepDefinitions.taskDeveEstarNaListaDeTasksAtivas(java.util.List&lt;java.lang.String&gt;)&apos;.&#10;It appears there was a problem with the step definition.&#10;The converted arguments types were (java.lang.String)" type="io.cucumber.core.exception.CucumberException"><![CDATA[io.cucumber.core.exception.CucumberException: 
Could not invoke step [{string} deve estar na lista de tasks ativas] defined at 'project.ada.steps.CadastroStepDefinitions.taskDeveEstarNaListaDeTasksAtivas(java.util.List<java.lang.String>)'.
It appears there was a problem with the step definition.
The converted arguments types were (java.lang.String)
Caused by: io.cucumber.core.backend.CucumberBackendException: Failed to invoke public void project.ada.steps.CadastroStepDefinitions.taskDeveEstarNaListaDeTasksAtivas(java.util.List)
Caused by: java.lang.IllegalArgumentException: argument type mismatch
]]></error>
    <system-out><![CDATA[
@Tasks @Regression @Smoke
Esquema do Cenario: Criar diferentes tasks usando esquema de cenÃ¡rio &amp#27;[90m# project/ada/Cadastro.feature:40&amp#27;[0m
  &amp#27;[32mDado &amp#27;[0m&amp#27;[32mque usuÃ¡rio estÃ¡ na pagina inicial&amp#27;[0m                            &amp#27;[90m# project.ada.steps.CadastroStepDefinitions.que_usuÃ¡rio_estÃ¡_na_pagina_inicial()&amp#27;[0m
  &amp#27;[32mQuando &amp#27;[0m&amp#27;[32minserir task &amp#27;[0m&amp#27;[32m&amp#27;[1m'task1'&amp#27;[0m                                        &amp#27;[90m# project.ada.steps.CadastroStepDefinitions.inserirTaskTaskVariÃ¡vel(java.lang.String)&amp#27;[0m
  &amp#27;[31mEntao &amp#27;[0m&amp#27;[31m&amp#27;[0m&amp#27;[31m&amp#27;[1m'task1'&amp#27;[0m&amp#27;[31m deve estar na lista de tasks ativas&amp#27;[0m                  &amp#27;[90m# project.ada.steps.CadastroStepDefinitions.taskDeveEstarNaListaDeTasksAtivas(java.util.List<java.lang.String>)&amp#27;[0m
      &amp#27;[31mio.cucumber.core.exception.CucumberException: Could not invoke step [{string} deve estar na lista de tasks ativas] defined at 'project.ada.steps.CadastroStepDefinitions.taskDeveEstarNaListaDeTasksAtivas(java.util.List<java.lang.String>)'.
It appears there was a problem with the step definition.
The converted arguments types were (java.lang.String)
	at io.cucumber.core.runner.PickleStepDefinitionMatch.couldNotInvokeStep(PickleStepDefinitionMatch.java:130)
	at io.cucumber.core.runner.PickleStepDefinitionMatch.runStep(PickleStepDefinitionMatch.java:65)
	at io.cucumber.core.runner.ExecutionMode$1.execute(ExecutionMode.java:10)
	at io.cucumber.core.runner.TestStep.executeStep(TestStep.java:84)
	at io.cucumber.core.runner.TestStep.run(TestStep.java:56)
	at io.cucumber.core.runner.PickleStepTestStep.run(PickleStepTestStep.java:51)
	at io.cucumber.core.runner.TestCase.run(TestCase.java:84)
	at io.cucumber.core.runner.Runner.runPickle(Runner.java:75)
	at io.cucumber.junit.platform.engine.CucumberEngineExecutionContext.lambda$runTestCase$4(CucumberEngineExecutionContext.java:112)
	at io.cucumber.core.runtime.CucumberExecutionContext.lambda$runTestCase$5(CucumberExecutionContext.java:130)
	at io.cucumber.core.runtime.RethrowingThrowableCollector.executeAndThrow(RethrowingThrowableCollector.java:23)
	at io.cucumber.core.runtime.CucumberExecutionContext.runTestCase(CucumberExecutionContext.java:130)
	at io.cucumber.junit.platform.engine.CucumberEngineExecutionContext.runTestCase(CucumberEngineExecutionContext.java:109)
	at io.cucumber.junit.platform.engine.NodeDescriptor$PickleDescriptor.execute(NodeDescriptor.java:168)
	at io.cucumber.junit.platform.engine.NodeDescriptor$PickleDescriptor.execute(NodeDescriptor.java:90)
	at org.junit.platform.engine.support.hierarchical.NodeTestTask.lambda$executeRecursively$6(NodeTestTask.java:151)
	at org.junit.platform.engine.support.hierarchical.ThrowableCollector.execute(ThrowableCollector.java:73)
	at org.junit.platform.engine.support.hierarchical.NodeTestTask.lambda$executeRecursively$8(NodeTestTask.java:141)
	at org.junit.platform.engine.support.hierarchical.Node.around(Node.java:137)
	at org.junit.platform.engine.support.hierarchical.NodeTestTask.lambda$executeRecursively$9(NodeTestTask.java:139)
	at org.junit.platform.engine.support.hierarchical.ThrowableCollector.execute(ThrowableCollector.java:73)
	at org.junit.platform.engine.support.hierarchical.NodeTestTask.executeRecursively(NodeTestTask.java:138)
	at org.junit.platform.engine.support.hierarchical.NodeTestTask.execute(NodeTestTask.java:95)
	at java.util.ArrayList.forEach(ArrayList.java:1259)
	at org.junit.platform.engine.support.hierarchical.SameThreadHierarchicalTestExecutorService.invokeAll(SameThreadHierarchicalTestExecutorService.java:41)
	at org.junit.platform.engine.support.hierarchical.NodeTestTask.lambda$executeRecursively$6(NodeTestTask.java:155)
	at org.junit.platform.engine.support.hierarchical.ThrowableCollector.execute(ThrowableCollector.java:73)
	at org.junit.platform.engine.support.hierarchical.NodeTestTask.lambda$executeRecursively$8(NodeTestTask.java:141)
	at org.junit.platform.engine.support.hierarchical.Node.around(Node.java:137)
	at org.junit.platform.engine.support.hierarchical.NodeTestTask.lambda$executeRecursively$9(NodeTestTask.java:139)
	at org.junit.platform.engine.support.hierarchical.ThrowableCollector.execute(ThrowableCollector.java:73)
	at org.junit.platform.engine.support.hierarchical.NodeTestTask.executeRecursively(NodeTestTask.java:138)
	at org.junit.platform.engine.support.hierarchical.NodeTestTask.execute(NodeTestTask.java:95)
	at java.util.ArrayList.forEach(ArrayList.java:1259)
	at org.junit.platform.engine.support.hierarchical.SameThreadHierarchicalTestExecutorService.invokeAll(SameThreadHierarchicalTestExecutorService.java:41)
	at org.junit.platform.engine.support.hierarchical.NodeTestTask.lambda$executeRecursively$6(NodeTestTask.java:155)
	at org.junit.platform.engine.support.hierarchical.ThrowableCollector.execute(ThrowableCollector.java:73)
	at org.junit.platform.engine.support.hierarchical.NodeTestTask.lambda$executeRecursively$8(NodeTestTask.java:141)
	at org.junit.platform.engine.support.hierarchical.Node.around(Node.java:137)
	at org.junit.platform.engine.support.hierarchical.NodeTestTask.lambda$executeRecursively$9(NodeTestTask.java:139)
	at org.junit.platform.engine.support.hierarchical.ThrowableCollector.execute(ThrowableCollector.java:73)
	at org.junit.platform.engine.support.hierarchical.NodeTestTask.executeRecursively(NodeTestTask.java:138)
	at org.junit.platform.engine.support.hierarchical.NodeTestTask.execute(NodeTestTask.java:95)
	at java.util.ArrayList.forEach(ArrayList.java:1259)
	at org.junit.platform.engine.support.hierarchical.SameThreadHierarchicalTestExecutorService.invokeAll(SameThreadHierarchicalTestExecutorService.java:41)
	at org.junit.platform.engine.support.hierarchical.NodeTestTask.lambda$executeRecursively$6(NodeTestTask.java:155)
	at org.junit.platform.engine.support.hierarchical.ThrowableCollector.execute(ThrowableCollector.java:73)
	at org.junit.platform.engine.support.hierarchical.NodeTestTask.lambda$executeRecursively$8(NodeTestTask.java:141)
	at org.junit.platform.engine.support.hierarchical.Node.around(Node.java:137)
	at org.junit.platform.engine.support.hierarchical.NodeTestTask.lambda$executeRecursively$9(NodeTestTask.java:139)
	at org.junit.platform.engine.support.hierarchical.ThrowableCollector.execute(ThrowableCollector.java:73)
	at org.junit.platform.engine.support.hierarchical.NodeTestTask.executeRecursively(NodeTestTask.java:138)
	at org.junit.platform.engine.support.hierarchical.NodeTestTask.execute(NodeTestTask.java:95)
	at java.util.ArrayList.forEach(ArrayList.java:1259)
	at org.junit.platform.engine.support.hierarchical.SameThreadHierarchicalTestExecutorService.invokeAll(SameThreadHierarchicalTestExecutorService.java:41)
	at org.junit.platform.engine.support.hierarchical.NodeTestTask.lambda$executeRecursively$6(NodeTestTask.java:155)
	at org.junit.platform.engine.support.hierarchical.ThrowableCollector.execute(ThrowableCollector.java:73)
	at org.junit.platform.engine.support.hierarchical.NodeTestTask.lambda$executeRecursively$8(NodeTestTask.java:141)
	at org.junit.platform.engine.support.hierarchical.Node.around(Node.java:137)
	at org.junit.platform.engine.support.hierarchical.NodeTestTask.lambda$executeRecursively$9(NodeTestTask.java:139)
	at org.junit.platform.engine.support.hierarchical.ThrowableCollector.execute(ThrowableCollector.java:73)
	at org.junit.platform.engine.support.hierarchical.NodeTestTask.executeRecursively(NodeTestTask.java:138)
	at org.junit.platform.engine.support.hierarchical.NodeTestTask.execute(NodeTestTask.java:95)
	at org.junit.platform.engine.support.hierarchical.SameThreadHierarchicalTestExecutorService.submit(SameThreadHierarchicalTestExecutorService.java:35)
	at org.junit.platform.engine.support.hierarchical.HierarchicalTestExecutor.execute(HierarchicalTestExecutor.java:57)
	at org.junit.platform.engine.support.hierarchical.HierarchicalTestEngine.execute(HierarchicalTestEngine.java:54)
	at org.junit.platform.launcher.core.EngineExecutionOrchestrator.execute(EngineExecutionOrchestrator.java:147)
	at org.junit.platform.launcher.core.EngineExecutionOrchestrator.execute(EngineExecutionOrchestrator.java:127)
	at org.junit.platform.launcher.core.EngineExecutionOrchestrator.execute(EngineExecutionOrchestrator.java:90)
	at org.junit.platform.launcher.core.EngineExecutionOrchestrator.execute(EngineExecutionOrchestrator.java:73)
	at org.junit.platform.suite.engine.SuiteLauncher.execute(SuiteLauncher.java:63)
	at org.junit.platform.suite.engine.SuiteTestDescriptor.execute(SuiteTestDescriptor.java:128)
	at org.junit.platform.suite.engine.SuiteTestEngine.lambda$execute$0(SuiteTestEngine.java:73)
	at java.util.stream.ForEachOps$ForEachOp$OfRef.accept(ForEachOps.java:184)
	at java.util.stream.ReferencePipeline$3$1.accept(ReferencePipeline.java:193)
	at java.util.Iterator.forEachRemaining(Iterator.java:116)
	at java.util.Spliterators$IteratorSpliterator.forEachRemaining(Spliterators.java:1801)
	at java.util.stream.AbstractPipeline.copyInto(AbstractPipeline.java:482)
	at java.util.stream.AbstractPipeline.wrapAndCopyInto(AbstractPipeline.java:472)
	at java.util.stream.ForEachOps$ForEachOp.evaluateSequential(ForEachOps.java:151)
	at java.util.stream.ForEachOps$ForEachOp$OfRef.evaluateSequential(ForEachOps.java:174)
	at java.util.stream.AbstractPipeline.evaluate(AbstractPipeline.java:234)
	at java.util.stream.ReferencePipeline.forEach(ReferencePipeline.java:418)
	at org.junit.platform.suite.engine.SuiteTestEngine.execute(SuiteTestEngine.java:73)
	at org.junit.platform.launcher.core.EngineExecutionOrchestrator.execute(EngineExecutionOrchestrator.java:147)
	at org.junit.platform.launcher.core.EngineExecutionOrchestrator.execute(EngineExecutionOrchestrator.java:127)
	at org.junit.platform.launcher.core.EngineExecutionOrchestrator.execute(EngineExecutionOrchestrator.java:90)
	at org.junit.platform.launcher.core.EngineExecutionOrchestrator.lambda$execute$0(EngineExecutionOrchestrator.java:55)
	at org.junit.platform.launcher.core.EngineExecutionOrchestrator.withInterceptedStreams(EngineExecutionOrchestrator.java:102)
	at org.junit.platform.launcher.core.EngineExecutionOrchestrator.execute(EngineExecutionOrchestrator.java:54)
	at org.junit.platform.launcher.core.DefaultLauncher.execute(DefaultLauncher.java:114)
	at org.junit.platform.launcher.core.DefaultLauncher.execute(DefaultLauncher.java:86)
	at org.junit.platform.launcher.core.DefaultLauncherSession$DelegatingLauncher.execute(DefaultLauncherSession.java:86)
	at org.junit.platform.launcher.core.SessionPerRequestLauncher.execute(SessionPerRequestLauncher.java:53)
	at org.apache.maven.surefire.junitplatform.JUnitPlatformProvider.invokeAllTests(JUnitPlatformProvider.java:142)
	at org.apache.maven.surefire.junitplatform.JUnitPlatformProvider.invoke(JUnitPlatformProvider.java:117)
	at org.apache.maven.surefire.booter.ForkedBooter.invokeProviderInSameClassLoader(ForkedBooter.java:383)
	at org.apache.maven.surefire.booter.ForkedBooter.runSuitesInProcess(ForkedBooter.java:344)
	at org.apache.maven.surefire.booter.ForkedBooter.execute(ForkedBooter.java:125)
	at org.apache.maven.surefire.booter.ForkedBooter.main(ForkedBooter.java:417)
Caused by: io.cucumber.core.backend.CucumberBackendException: Failed to invoke public void project.ada.steps.CadastroStepDefinitions.taskDeveEstarNaListaDeTasksAtivas(java.util.List)
	at io.cucumber.java.Invoker.doInvoke(Invoker.java:68)
	at io.cucumber.java.Invoker.invoke(Invoker.java:24)
	at io.cucumber.java.AbstractGlueDefinition.invokeMethod(AbstractGlueDefinition.java:47)
	at io.cucumber.java.JavaStepDefinition.execute(JavaStepDefinition.java:29)
	at io.cucumber.core.runner.CoreStepDefinition.execute(CoreStepDefinition.java:66)
	at io.cucumber.core.runner.PickleStepDefinitionMatch.runStep(PickleStepDefinitionMatch.java:63)
	... 98 more
Caused by: java.lang.IllegalArgumentException: argument type mismatch
	at sun.reflect.NativeMethodAccessorImpl.invoke0(Native Method)
	at sun.reflect.NativeMethodAccessorImpl.invoke(NativeMethodAccessorImpl.java:62)
	at sun.reflect.DelegatingMethodAccessorImpl.invoke(DelegatingMethodAccessorImpl.java:43)
	at java.lang.reflect.Method.invoke(Method.java:498)
	at io.cucumber.java.Invoker.doInvoke(Invoker.java:66)
	... 103 more
&amp#27;[0m
]]></system-out>
    <system-err><![CDATA[Starting ChromeDriver 112.0.5615.49 (bd2a7bcb881c11e8cfe3078709382934e3916914-refs/branch-heads/5615@{#936}) on port 48814
Only local connections are allowed.
Please see https://chromedriver.chromium.org/security-considerations for suggestions on keeping ChromeDriver safe.
ChromeDriver was started successfully.
abr 25, 2023 5:50:22 PM org.openqa.selenium.devtools.CdpVersionFinder findNearestMatch
WARNING: Unable to find an exact match for CDP version 112, so returning the closest version found: 109
]]></system-err>
  </testcase>
  <testcase name="Example #1.1" classname="project.ada.RunCucumberTest" time="0">
    <skipped message="&apos;cucumber.filter.tags=( @Smoke and not ( @Ignore ) )&apos; did not match this scenario"/>
  </testcase>
  <testcase name="Example #2.1" classname="project.ada.RunCucumberTest" time="0">
    <skipped message="&apos;cucumber.filter.tags=( @Smoke and not ( @Ignore ) )&apos; did not match this scenario"/>
  </testcase>
  <testcase name="Example #2.2" classname="project.ada.RunCucumberTest" time="0">
    <skipped message="&apos;cucumber.filter.tags=( @Smoke and not ( @Ignore ) )&apos; did not match this scenario"/>
  </testcase>
  <testcase name="Example #2.3" classname="project.ada.RunCucumberTest" time="0">
    <skipped message="&apos;cucumber.filter.tags=( @Smoke and not ( @Ignore ) )&apos; did not match this scenario"/>
  </testcase>
  <testcase name="Example #2.4" classname="project.ada.RunCucumberTest" time="0">
    <skipped message="&apos;cucumber.filter.tags=( @Smoke and not ( @Ignore ) )&apos; did not match this scenario"/>
  </testcase>
  <testcase name="Login com sucesso" classname="project.ada.RunCucumberTest" time="0">
    <skipped message="&apos;cucumber.filter.tags=( @Smoke and not ( @Ignore ) )&apos; did not match this scenario"/>
  </testcase>
  <testcase name="Example #1.2" classname="project.ada.RunCucumberTest" time="0">
    <skipped message="&apos;cucumber.filter.tags=( @Smoke and not ( @Ignore ) )&apos; did not match this scenario"/>
  </testcase>
  <testcase name="Logout com sucesso" classname="project.ada.RunCucumberTest" time="0">
    <skipped message="&apos;cucumber.filter.tags=( @Smoke and not ( @Ignore ) )&apos; did not match this scenario"/>
  </testcase>
</testsuite>